<?xml version="1.0" encoding="UTF-8"?>
<!-- Generated by org.testng.reporters.JUnitReportReporter -->
<testsuite hostname="d43e0b827e96" failures="0" tests="9" name="com.mono.tests.vendorportal.VendorPortalTest" time="14.747" errors="0" timestamp="2026-04-25T13:09:47 GMT" skipped="0">
  <testcase classname="com.mono.tests.vendorportal.VendorPortalTest" name="logoutTest" time="1.299"/>
  <testcase classname="com.mono.tests.vendorportal.VendorPortalTest" name="logoutTest" time="1.263"/>
  <testcase classname="com.mono.tests.vendorportal.VendorPortalTest" name="dashboardTest" time="2.355"/>
  <testcase classname="com.mono.tests.vendorportal.VendorPortalTest" name="loginTest" time="1.203"/>
  <testcase classname="com.mono.tests.vendorportal.VendorPortalTest" name="loginTest" time="1.028"/>
  <testcase classname="com.mono.tests.vendorportal.VendorPortalTest" name="dashboardTest" time="3.010"/>
  <testcase classname="com.mono.tests.vendorportal.VendorPortalTest" name="loginTest" time="1.216"/>
  <testcase classname="com.mono.tests.vendorportal.VendorPortalTest" name="dashboardTest" time="2.439"/>
  <testcase classname="com.mono.tests.vendorportal.VendorPortalTest" name="logoutTest" time="0.934"/>
</testsuite> <!-- com.mono.tests.vendorportal.VendorPortalTest -->
