<?xml version="1.0" encoding="UTF-8"?>
<!-- Generated by org.testng.reporters.JUnitReportReporter -->
<testsuite hostname="71de57883806" failures="0" tests="20" name="com.mono.tests.flightreservation.FlightReservationTest" time="50.214" errors="0" timestamp="2026-04-25T12:47:03 GMT" skipped="0">
  <testcase classname="com.mono.tests.flightreservation.FlightReservationTest" name="flightConfirmationTest" time="2.424"/>
  <testcase classname="com.mono.tests.flightreservation.FlightReservationTest" name="flightConfirmationTest" time="1.830"/>
  <testcase classname="com.mono.tests.flightreservation.FlightReservationTest" name="userRegistrationTest" time="5.629"/>
  <testcase classname="com.mono.tests.flightreservation.FlightReservationTest" name="flightSearchTest" time="1.876"/>
  <testcase classname="com.mono.tests.flightreservation.FlightReservationTest" name="registrationConfirmationTest" time="2.666"/>
  <testcase classname="com.mono.tests.flightreservation.FlightReservationTest" name="userRegistrationTest" time="5.299"/>
  <testcase classname="com.mono.tests.flightreservation.FlightReservationTest" name="flightSearchTest" time="1.219"/>
  <testcase classname="com.mono.tests.flightreservation.FlightReservationTest" name="flightConfirmationTest" time="1.905"/>
  <testcase classname="com.mono.tests.flightreservation.FlightReservationTest" name="selectFlightsTest" time="0.697"/>
  <testcase classname="com.mono.tests.flightreservation.FlightReservationTest" name="registrationConfirmationTest" time="2.035"/>
  <testcase classname="com.mono.tests.flightreservation.FlightReservationTest" name="flightConfirmationTest" time="1.858"/>
  <testcase classname="com.mono.tests.flightreservation.FlightReservationTest" name="registrationConfirmationTest" time="2.012"/>
  <testcase classname="com.mono.tests.flightreservation.FlightReservationTest" name="registrationConfirmationTest" time="0.866"/>
  <testcase classname="com.mono.tests.flightreservation.FlightReservationTest" name="userRegistrationTest" time="3.873"/>
  <testcase classname="com.mono.tests.flightreservation.FlightReservationTest" name="selectFlightsTest" time="2.425"/>
  <testcase classname="com.mono.tests.flightreservation.FlightReservationTest" name="selectFlightsTest" time="1.110"/>
  <testcase classname="com.mono.tests.flightreservation.FlightReservationTest" name="flightSearchTest" time="2.272"/>
  <testcase classname="com.mono.tests.flightreservation.FlightReservationTest" name="flightSearchTest" time="2.190"/>
  <testcase classname="com.mono.tests.flightreservation.FlightReservationTest" name="userRegistrationTest" time="5.253"/>
  <testcase classname="com.mono.tests.flightreservation.FlightReservationTest" name="selectFlightsTest" time="2.775"/>
</testsuite> <!-- com.mono.tests.flightreservation.FlightReservationTest -->
