<?xml version="1.0" encoding="UTF-8"?>
<!-- Generated by org.testng.reporters.JUnitXMLReporter -->
<testsuite ignored="0" hostname="DESKTOP-K4ENRLH" failures="0" tests="3" name="Default test" time="7.198" errors="0" timestamp="2026-04-23T14:06:52 IST">
  <testcase classname="com.mono.tests.vendorportal.VendorPortalTest" name="loginTest" time="0.98"/>
  <testcase classname="com.mono.tests.vendorportal.VendorPortalTest" name="dashboardTest" time="2.746"/>
  <testcase classname="com.mono.tests.vendorportal.VendorPortalTest" name="logoutTest" time="1.558"/>
</testsuite> <!-- Default test -->
