<?xml version="1.0" encoding="UTF-8"?>
<!-- Generated by org.testng.reporters.JUnitXMLReporter -->
<testsuite ignored="0" hostname="DESKTOP-K4ENRLH" failures="0" tests="3" name="User-Mike" time="6.26" errors="0" timestamp="2026-04-24T14:48:57 IST">
  <testcase classname="com.mono.tests.vendorportal.VendorPortalTest" name="loginTest" time="1.148"/>
  <testcase classname="com.mono.tests.vendorportal.VendorPortalTest" name="dashboardTest" time="3.084"/>
  <testcase classname="com.mono.tests.vendorportal.VendorPortalTest" name="logoutTest" time="1.217"/>
</testsuite> <!-- User-Mike -->
