<?xml version="1.0" encoding="UTF-8"?>
<!-- Generated by org.testng.reporters.JUnitXMLReporter -->
<testsuite ignored="0" hostname="DESKTOP-K4ENRLH" failures="0" tests="3" name="User-John" time="6.138" errors="0" timestamp="2026-04-24T14:49:03 IST">
  <testcase classname="com.mono.tests.vendorportal.VendorPortalTest" name="loginTest" time="1.711"/>
  <testcase classname="com.mono.tests.vendorportal.VendorPortalTest" name="dashboardTest" time="2.179"/>
  <testcase classname="com.mono.tests.vendorportal.VendorPortalTest" name="logoutTest" time="1.381"/>
</testsuite> <!-- User-John -->
