<?xml version="1.0" encoding="UTF-8"?>
<!-- Generated by org.testng.reporters.JUnitXMLReporter -->
<testsuite ignored="0" hostname="DESKTOP-K4ENRLH" failures="0" tests="3" name="User-Sam" time="6.91" errors="0" timestamp="2026-04-24T14:48:50 IST">
  <testcase classname="com.mono.tests.vendorportal.VendorPortalTest" name="loginTest" time="1.145"/>
  <testcase classname="com.mono.tests.vendorportal.VendorPortalTest" name="dashboardTest" time="2.718"/>
  <testcase classname="com.mono.tests.vendorportal.VendorPortalTest" name="logoutTest" time="1.312"/>
</testsuite> <!-- User-Sam -->
