<?xml version="1.0" encoding="UTF-8"?>
<testng-results ignored="0" total="9" passed="9" failed="0" skipped="0">
  <reporter-output>
  </reporter-output>
  <suite started-at="2026-04-24T14:48:43 IST" name="Vendor-Portal" finished-at="2026-04-24T14:49:03 IST" duration-ms="19377">
    <groups>
    </groups>
    <test started-at="2026-04-24T14:48:43 IST" name="User-Sam" finished-at="2026-04-24T14:48:50 IST" duration-ms="6910">
      <class name="com.mono.tests.vendorportal.VendorPortalTest">
        <test-method is-config="true" signature="setUp()[pri:0, instance:com.mono.tests.vendorportal.VendorPortalTest@2415fc55]" started-at="2026-04-24T14:48:43 IST" name="setUp" finished-at="2026-04-24T14:48:45 IST" duration-ms="1287" status="PASS">
          <reporter-output>
          </reporter-output>
        </test-method> <!-- setUp -->
        <test-method is-config="true" signature="setUpPages(java.lang.String)[pri:0, instance:com.mono.tests.vendorportal.VendorPortalTest@2415fc55]" started-at="2026-04-24T14:48:45 IST" name="setUpPages" finished-at="2026-04-24T14:48:45 IST" duration-ms="297" status="PASS">
          <params>
            <param index="0">
              <value>
                <![CDATA[test-data/vendorportal/sam.json]]>
              </value>
            </param>
          </params>
          <reporter-output>
          </reporter-output>
        </test-method> <!-- setUpPages -->
        <test-method signature="loginTest()[pri:0, instance:com.mono.tests.vendorportal.VendorPortalTest@2415fc55]" started-at="2026-04-24T14:48:45 IST" name="loginTest" finished-at="2026-04-24T14:48:46 IST" duration-ms="1145" status="PASS">
          <reporter-output>
          </reporter-output>
        </test-method> <!-- loginTest -->
        <test-method signature="dashboardTest()[pri:0, instance:com.mono.tests.vendorportal.VendorPortalTest@2415fc55]" started-at="2026-04-24T14:48:46 IST" name="dashboardTest" finished-at="2026-04-24T14:48:49 IST" depends-on-methods="com.mono.tests.vendorportal.VendorPortalTest.loginTest" duration-ms="2718" status="PASS">
          <reporter-output>
          </reporter-output>
        </test-method> <!-- dashboardTest -->
        <test-method signature="logoutTest()[pri:0, instance:com.mono.tests.vendorportal.VendorPortalTest@2415fc55]" started-at="2026-04-24T14:48:49 IST" name="logoutTest" finished-at="2026-04-24T14:48:50 IST" depends-on-methods="com.mono.tests.vendorportal.VendorPortalTest.dashboardTest" duration-ms="1312" status="PASS">
          <reporter-output>
          </reporter-output>
        </test-method> <!-- logoutTest -->
        <test-method is-config="true" signature="tearDown()[pri:0, instance:com.mono.tests.vendorportal.VendorPortalTest@2415fc55]" started-at="2026-04-24T14:48:50 IST" name="tearDown" finished-at="2026-04-24T14:48:50 IST" duration-ms="98" status="PASS">
          <reporter-output>
          </reporter-output>
        </test-method> <!-- tearDown -->
      </class> <!-- com.mono.tests.vendorportal.VendorPortalTest -->
    </test> <!-- User-Sam -->
    <test started-at="2026-04-24T14:48:50 IST" name="User-Mike" finished-at="2026-04-24T14:48:57 IST" duration-ms="6260">
      <class name="com.mono.tests.vendorportal.VendorPortalTest">
        <test-method is-config="true" signature="setUp()[pri:0, instance:com.mono.tests.vendorportal.VendorPortalTest@5456afaa]" started-at="2026-04-24T14:48:50 IST" name="setUp" finished-at="2026-04-24T14:48:51 IST" duration-ms="714" status="PASS">
          <reporter-output>
          </reporter-output>
        </test-method> <!-- setUp -->
        <test-method is-config="true" signature="setUpPages(java.lang.String)[pri:0, instance:com.mono.tests.vendorportal.VendorPortalTest@5456afaa]" started-at="2026-04-24T14:48:51 IST" name="setUpPages" finished-at="2026-04-24T14:48:51 IST" duration-ms="3" status="PASS">
          <params>
            <param index="0">
              <value>
                <![CDATA[test-data/vendorportal/mike.json]]>
              </value>
            </param>
          </params>
          <reporter-output>
          </reporter-output>
        </test-method> <!-- setUpPages -->
        <test-method signature="loginTest()[pri:0, instance:com.mono.tests.vendorportal.VendorPortalTest@5456afaa]" started-at="2026-04-24T14:48:51 IST" name="loginTest" finished-at="2026-04-24T14:48:52 IST" duration-ms="1148" status="PASS">
          <reporter-output>
          </reporter-output>
        </test-method> <!-- loginTest -->
        <test-method signature="dashboardTest()[pri:0, instance:com.mono.tests.vendorportal.VendorPortalTest@5456afaa]" started-at="2026-04-24T14:48:52 IST" name="dashboardTest" finished-at="2026-04-24T14:48:55 IST" depends-on-methods="com.mono.tests.vendorportal.VendorPortalTest.loginTest" duration-ms="3084" status="PASS">
          <reporter-output>
          </reporter-output>
        </test-method> <!-- dashboardTest -->
        <test-method signature="logoutTest()[pri:0, instance:com.mono.tests.vendorportal.VendorPortalTest@5456afaa]" started-at="2026-04-24T14:48:55 IST" name="logoutTest" finished-at="2026-04-24T14:48:56 IST" depends-on-methods="com.mono.tests.vendorportal.VendorPortalTest.dashboardTest" duration-ms="1217" status="PASS">
          <reporter-output>
          </reporter-output>
        </test-method> <!-- logoutTest -->
        <test-method is-config="true" signature="tearDown()[pri:0, instance:com.mono.tests.vendorportal.VendorPortalTest@5456afaa]" started-at="2026-04-24T14:48:56 IST" name="tearDown" finished-at="2026-04-24T14:48:57 IST" duration-ms="82" status="PASS">
          <reporter-output>
          </reporter-output>
        </test-method> <!-- tearDown -->
      </class> <!-- com.mono.tests.vendorportal.VendorPortalTest -->
    </test> <!-- User-Mike -->
    <test started-at="2026-04-24T14:48:57 IST" name="User-John" finished-at="2026-04-24T14:49:03 IST" duration-ms="6138">
      <class name="com.mono.tests.vendorportal.VendorPortalTest">
        <test-method is-config="true" signature="initializeProperties()[pri:0, instance:com.mono.tests.vendorportal.VendorPortalTest@1cd629b3]" started-at="2026-04-24T14:48:43 IST" name="initializeProperties" finished-at="2026-04-24T14:48:43 IST" duration-ms="14" status="PASS">
          <reporter-output>
          </reporter-output>
        </test-method> <!-- initializeProperties -->
        <test-method is-config="true" signature="setUp()[pri:0, instance:com.mono.tests.vendorportal.VendorPortalTest@1cd629b3]" started-at="2026-04-24T14:48:57 IST" name="setUp" finished-at="2026-04-24T14:48:57 IST" duration-ms="767" status="PASS">
          <reporter-output>
          </reporter-output>
        </test-method> <!-- setUp -->
        <test-method is-config="true" signature="setUpPages(java.lang.String)[pri:0, instance:com.mono.tests.vendorportal.VendorPortalTest@1cd629b3]" started-at="2026-04-24T14:48:57 IST" name="setUpPages" finished-at="2026-04-24T14:48:57 IST" duration-ms="3" status="PASS">
          <params>
            <param index="0">
              <value>
                <![CDATA[test-data/vendorportal/john.json]]>
              </value>
            </param>
          </params>
          <reporter-output>
          </reporter-output>
        </test-method> <!-- setUpPages -->
        <test-method signature="loginTest()[pri:0, instance:com.mono.tests.vendorportal.VendorPortalTest@1cd629b3]" started-at="2026-04-24T14:48:57 IST" name="loginTest" finished-at="2026-04-24T14:48:59 IST" duration-ms="1711" status="PASS">
          <reporter-output>
          </reporter-output>
        </test-method> <!-- loginTest -->
        <test-method signature="dashboardTest()[pri:0, instance:com.mono.tests.vendorportal.VendorPortalTest@1cd629b3]" started-at="2026-04-24T14:48:59 IST" name="dashboardTest" finished-at="2026-04-24T14:49:01 IST" depends-on-methods="com.mono.tests.vendorportal.VendorPortalTest.loginTest" duration-ms="2179" status="PASS">
          <reporter-output>
          </reporter-output>
        </test-method> <!-- dashboardTest -->
        <test-method signature="logoutTest()[pri:0, instance:com.mono.tests.vendorportal.VendorPortalTest@1cd629b3]" started-at="2026-04-24T14:49:01 IST" name="logoutTest" finished-at="2026-04-24T14:49:03 IST" depends-on-methods="com.mono.tests.vendorportal.VendorPortalTest.dashboardTest" duration-ms="1381" status="PASS">
          <reporter-output>
          </reporter-output>
        </test-method> <!-- logoutTest -->
        <test-method is-config="true" signature="tearDown()[pri:0, instance:com.mono.tests.vendorportal.VendorPortalTest@1cd629b3]" started-at="2026-04-24T14:49:03 IST" name="tearDown" finished-at="2026-04-24T14:49:03 IST" duration-ms="86" status="PASS">
          <reporter-output>
          </reporter-output>
        </test-method> <!-- tearDown -->
      </class> <!-- com.mono.tests.vendorportal.VendorPortalTest -->
    </test> <!-- User-John -->
  </suite> <!-- Vendor-Portal -->
</testng-results>
