<?xml version="1.0" encoding="UTF-8"?>
<!-- Generated by org.testng.reporters.JUnitReportReporter -->
<testsuite hostname="DESKTOP-K4ENRLH" failures="0" tests="20" name="com.mono.tests.flightreservation.FlightReservationTest" time="49.423" errors="0" timestamp="2026-04-24T14:48:29 IST" skipped="0">
  <testcase classname="com.mono.tests.flightreservation.FlightReservationTest" name="registrationConfirmationTest" time="2.043"/>
  <testcase classname="com.mono.tests.flightreservation.FlightReservationTest" name="userRegistrationTest" time="4.878"/>
  <testcase classname="com.mono.tests.flightreservation.FlightReservationTest" name="flightConfirmationTest" time="1.398"/>
  <testcase classname="com.mono.tests.flightreservation.FlightReservationTest" name="flightSearchTest" time="1.577"/>
  <testcase classname="com.mono.tests.flightreservation.FlightReservationTest" name="registrationConfirmationTest" time="2.267"/>
  <testcase classname="com.mono.tests.flightreservation.FlightReservationTest" name="flightConfirmationTest" time="1.491"/>
  <testcase classname="com.mono.tests.flightreservation.FlightReservationTest" name="flightConfirmationTest" time="0.818"/>
  <testcase classname="com.mono.tests.flightreservation.FlightReservationTest" name="flightSearchTest" time="2.254"/>
  <testcase classname="com.mono.tests.flightreservation.FlightReservationTest" name="selectFlightsTest" time="2.427"/>
  <testcase classname="com.mono.tests.flightreservation.FlightReservationTest" name="registrationConfirmationTest" time="2.039"/>
  <testcase classname="com.mono.tests.flightreservation.FlightReservationTest" name="flightConfirmationTest" time="1.432"/>
  <testcase classname="com.mono.tests.flightreservation.FlightReservationTest" name="flightSearchTest" time="1.567"/>
  <testcase classname="com.mono.tests.flightreservation.FlightReservationTest" name="userRegistrationTest" time="4.850"/>
  <testcase classname="com.mono.tests.flightreservation.FlightReservationTest" name="flightSearchTest" time="2.530"/>
  <testcase classname="com.mono.tests.flightreservation.FlightReservationTest" name="selectFlightsTest" time="1.370"/>
  <testcase classname="com.mono.tests.flightreservation.FlightReservationTest" name="registrationConfirmationTest" time="2.964"/>
  <testcase classname="com.mono.tests.flightreservation.FlightReservationTest" name="userRegistrationTest" time="4.869"/>
  <testcase classname="com.mono.tests.flightreservation.FlightReservationTest" name="selectFlightsTest" time="2.764"/>
  <testcase classname="com.mono.tests.flightreservation.FlightReservationTest" name="selectFlightsTest" time="0.852"/>
  <testcase classname="com.mono.tests.flightreservation.FlightReservationTest" name="userRegistrationTest" time="5.033"/>
</testsuite> <!-- com.mono.tests.flightreservation.FlightReservationTest -->
