<?xml version="1.0" encoding="UTF-8"?>
<!-- Generated by org.testng.reporters.JUnitReportReporter -->
<testsuite hostname="DESKTOP-K4ENRLH" failures="0" tests="9" name="com.mono.tests.vendorportal.VendorPortalTest" time="15.895" errors="0" timestamp="2026-04-24T14:49:03 IST" skipped="0">
  <testcase classname="com.mono.tests.vendorportal.VendorPortalTest" name="loginTest" time="1.145"/>
  <testcase classname="com.mono.tests.vendorportal.VendorPortalTest" name="dashboardTest" time="3.084"/>
  <testcase classname="com.mono.tests.vendorportal.VendorPortalTest" name="loginTest" time="1.711"/>
  <testcase classname="com.mono.tests.vendorportal.VendorPortalTest" name="loginTest" time="1.148"/>
  <testcase classname="com.mono.tests.vendorportal.VendorPortalTest" name="dashboardTest" time="2.718"/>
  <testcase classname="com.mono.tests.vendorportal.VendorPortalTest" name="dashboardTest" time="2.179"/>
  <testcase classname="com.mono.tests.vendorportal.VendorPortalTest" name="logoutTest" time="1.217"/>
  <testcase classname="com.mono.tests.vendorportal.VendorPortalTest" name="logoutTest" time="1.381"/>
  <testcase classname="com.mono.tests.vendorportal.VendorPortalTest" name="logoutTest" time="1.312"/>
</testsuite> <!-- com.mono.tests.vendorportal.VendorPortalTest -->
