<?xml version="1.0" encoding="UTF-8"?>
<!-- Generated by org.testng.reporters.JUnitXMLReporter -->
<testsuite ignored="0" hostname="DESKTOP-K4ENRLH" failures="0" tests="5" name="Flight-Reservation-2" time="15.795" errors="0" timestamp="2026-04-24T14:48:24 IST">
  <testcase classname="com.mono.tests.flightreservation.FlightReservationTest" name="userRegistrationTest" time="4.869"/>
  <testcase classname="com.mono.tests.flightreservation.FlightReservationTest" name="registrationConfirmationTest" time="2.043"/>
  <testcase classname="com.mono.tests.flightreservation.FlightReservationTest" name="flightSearchTest" time="1.567"/>
  <testcase classname="com.mono.tests.flightreservation.FlightReservationTest" name="selectFlightsTest" time="0.852"/>
  <testcase classname="com.mono.tests.flightreservation.FlightReservationTest" name="flightConfirmationTest" time="0.818"/>
</testsuite> <!-- Flight-Reservation-2 -->
