<?xml version="1.0" encoding="UTF-8"?>
<!-- Generated by org.testng.reporters.JUnitXMLReporter -->
<testsuite ignored="0" hostname="DESKTOP-K4ENRLH" failures="0" tests="5" name="Flight-Reservation-4" time="20.339" errors="0" timestamp="2026-04-24T14:48:29 IST">
  <testcase classname="com.mono.tests.flightreservation.FlightReservationTest" name="userRegistrationTest" time="5.033"/>
  <testcase classname="com.mono.tests.flightreservation.FlightReservationTest" name="registrationConfirmationTest" time="2.964"/>
  <testcase classname="com.mono.tests.flightreservation.FlightReservationTest" name="flightSearchTest" time="2.53"/>
  <testcase classname="com.mono.tests.flightreservation.FlightReservationTest" name="selectFlightsTest" time="2.764"/>
  <testcase classname="com.mono.tests.flightreservation.FlightReservationTest" name="flightConfirmationTest" time="1.432"/>
</testsuite> <!-- Flight-Reservation-4 -->
