<?xml version="1.0" encoding="UTF-8"?>
<!-- Generated by org.testng.reporters.JUnitXMLReporter -->
<testsuite ignored="0" hostname="DESKTOP-K4ENRLH" failures="0" tests="5" name="Flight-Reservation-3" time="17.584" errors="0" timestamp="2026-04-24T14:48:26 IST">
  <testcase classname="com.mono.tests.flightreservation.FlightReservationTest" name="userRegistrationTest" time="4.878"/>
  <testcase classname="com.mono.tests.flightreservation.FlightReservationTest" name="registrationConfirmationTest" time="2.039"/>
  <testcase classname="com.mono.tests.flightreservation.FlightReservationTest" name="flightSearchTest" time="2.254"/>
  <testcase classname="com.mono.tests.flightreservation.FlightReservationTest" name="selectFlightsTest" time="1.37"/>
  <testcase classname="com.mono.tests.flightreservation.FlightReservationTest" name="flightConfirmationTest" time="1.398"/>
</testsuite> <!-- Flight-Reservation-3 -->
